<?xml version='1.0' encoding='UTF-8'?>
<testResult>
    <build server="%%%SERVER_IDENTITY%%%" buildType="%%%JOB_NAME%%%" buildSid="1">
        <tests>
            <test module="helloModule" package="helloPackage" class="HelloWorldTest" name="testOne%%%TIMESTAMP%%%" duration="2" status="Passed" started="1431527285551" />
        </tests>
    </build>
</testResult>